# JRE version: OpenJDK Runtime Environment (24.0.1+9) (build 24.0.1+9-30)
# Java VM: OpenJDK 64-Bit Server VM (24.0.1+9-30, mixed mode, emulated-client, sharing, tiered, compressed oops, compressed class ptrs, g1 gc, windows-amd64)
GC Precious Log:
 CardTable entry size: 512
 Card Set container configuration: InlinePtr #cards 4 size 8 Array Of Cards #cards 16 size 48 Howl #buckets 8 coarsen threshold 3686 Howl Bitmap #cards 512 size 80 coarsen threshold 460 Card regions per heap region 1 cards per card region 4096
 CPUs: 20 total, 20 available
 Memory: 16024M
 Large Page Support: Disabled
 NUMA Support: Disabled
 Compressed Oops: Enabled (Zero based)
 Heap Region Size: 2M
 Heap Min Capacity: 8M
 Heap Initial Capacity: 252M
 Heap Max Capacity: 4008M
 Pre-touch: Disabled
 Parallel Workers: 15
 Concurrent Workers: 4
 Concurrent Refinement Workers: 15
 Periodic GC: Disabled
Heap:
 garbage-first heap   total reserved 4104192K, committed 51200K, used 18541K [0x0000000705800000, 0x0000000800000000)
  region size 2048K, 2 young (4096K), 2 survivors (4096K)
 Metaspace       used 32926K, committed 33344K, reserved 1114112K
  class space    used 3538K, committed 3712K, reserved 1048576K
GC Heap History (15 events):
Event: 0.778 GC heap before
{Heap before GC invocations=0 (full 0):
 garbage-first heap   total reserved 4104192K, committed 260096K, used 48240K [0x0000000705800000, 0x0000000800000000)
  region size 2048K, 24 young (49152K), 0 survivors (0K)
 Metaspace       used 11188K, committed 11520K, reserved 1114112K
  class space    used 1224K, committed 1344K, reserved 1048576K
}
Event: 0.785 GC heap after
{Heap after GC invocations=1 (full 0):
 garbage-first heap   total reserved 4104192K, committed 260096K, used 8973K [0x0000000705800000, 0x0000000800000000)
  region size 2048K, 3 young (6144K), 3 survivors (6144K)
 Metaspace       used 11188K, committed 11520K, reserved 1114112K
  class space    used 1224K, committed 1344K, reserved 1048576K
}
Event: 0.880 GC heap before
{Heap before GC invocations=1 (full 0):
 garbage-first heap   total reserved 4104192K, committed 260096K, used 21261K [0x0000000705800000, 0x0000000800000000)
  region size 2048K, 10 young (20480K), 3 survivors (6144K)
 Metaspace       used 14512K, committed 14848K, reserved 1114112K
  class space    used 1588K, committed 1728K, reserved 1048576K
}
Event: 0.883 GC heap after
{Heap after GC invocations=2 (full 0):
 garbage-first heap   total reserved 4104192K, committed 260096K, used 10550K [0x0000000705800000, 0x0000000800000000)
  region size 2048K, 4 young (8192K), 4 survivors (8192K)
 Metaspace       used 14512K, committed 14848K, reserved 1114112K
  class space    used 1588K, committed 1728K, reserved 1048576K
}
Event: 1.082 GC heap before
{Heap before GC invocations=3 (full 0):
 garbage-first heap   total reserved 4104192K, committed 40960K, used 37174K [0x0000000705800000, 0x0000000800000000)
  region size 2048K, 18 young (36864K), 4 survivors (8192K)
 Metaspace       used 21444K, committed 21824K, reserved 1114112K
  class space    used 2309K, committed 2496K, reserved 1048576K
}
Event: 1.089 GC heap after
{Heap after GC invocations=4 (full 0):
 garbage-first heap   total reserved 4104192K, committed 51200K, used 12998K [0x0000000705800000, 0x0000000800000000)
  region size 2048K, 5 young (10240K), 5 survivors (10240K)
 Metaspace       used 21444K, committed 21824K, reserved 1114112K
  class space    used 2309K, committed 2496K, reserved 1048576K
}
Event: 1.172 GC heap before
{Heap before GC invocations=4 (full 0):
 garbage-first heap   total reserved 4104192K, committed 51200K, used 29382K [0x0000000705800000, 0x0000000800000000)
  region size 2048K, 14 young (28672K), 5 survivors (10240K)
 Metaspace       used 24580K, committed 24896K, reserved 1114112K
  class space    used 2529K, committed 2688K, reserved 1048576K
}
Event: 1.177 GC heap after
{Heap after GC invocations=5 (full 0):
 garbage-first heap   total reserved 4104192K, committed 51200K, used 14019K [0x0000000705800000, 0x0000000800000000)
  region size 2048K, 1 young (2048K), 1 survivors (2048K)
 Metaspace       used 24580K, committed 24896K, reserved 1114112K
  class space    used 2529K, committed 2688K, reserved 1048576K
}
Event: 1.185 GC heap before
{Heap before GC invocations=5 (full 0):
 garbage-first heap   total reserved 4104192K, committed 51200K, used 14019K [0x0000000705800000, 0x0000000800000000)
  region size 2048K, 2 young (4096K), 1 survivors (2048K)
 Metaspace       used 24864K, committed 25216K, reserved 1114112K
  class space    used 2557K, committed 2752K, reserved 1048576K
}
Event: 1.186 GC heap after
{Heap after GC invocations=6 (full 0):
 garbage-first heap   total reserved 4104192K, committed 51200K, used 13439K [0x0000000705800000, 0x0000000800000000)
  region size 2048K, 1 young (2048K), 1 survivors (2048K)
 Metaspace       used 24864K, committed 25216K, reserved 1114112K
  class space    used 2557K, committed 2752K, reserved 1048576K
}
Event: 1.312 GC heap before
{Heap before GC invocations=7 (full 0):
 garbage-first heap   total reserved 4104192K, committed 51200K, used 35967K [0x0000000705800000, 0x0000000800000000)
  region size 2048K, 12 young (24576K), 1 survivors (2048K)
 Metaspace       used 28117K, committed 28480K, reserved 1114112K
  class space    used 3014K, committed 3200K, reserved 1048576K
}
Event: 1.314 GC heap after
{Heap after GC invocations=8 (full 0):
 garbage-first heap   total reserved 4104192K, committed 51200K, used 15031K [0x0000000705800000, 0x0000000800000000)
  region size 2048K, 2 young (4096K), 2 survivors (4096K)
 Metaspace       used 28117K, committed 28480K, reserved 1114112K
  class space    used 3014K, committed 3200K, reserved 1048576K
}
Event: 1.444 GC heap before
{Heap before GC invocations=8 (full 0):
 garbage-first heap   total reserved 4104192K, committed 51200K, used 37559K [0x0000000705800000, 0x0000000800000000)
  region size 2048K, 13 young (26624K), 2 survivors (4096K)
 Metaspace       used 29935K, committed 30272K, reserved 1114112K
  class space    used 3200K, committed 3328K, reserved 1048576K
}
Event: 1.447 GC heap after
{Heap after GC invocations=9 (full 0):
 garbage-first heap   total reserved 4104192K, committed 51200K, used 16273K [0x0000000705800000, 0x0000000800000000)
  region size 2048K, 2 young (4096K), 2 survivors (4096K)
 Metaspace       used 29935K, committed 30272K, reserved 1114112K
  class space    used 3200K, committed 3328K, reserved 1048576K
}
Event: 1.665 GC heap before
{Heap before GC invocations=9 (full 0):
 garbage-first heap   total reserved 4104192K, committed 51200K, used 38801K [0x0000000705800000, 0x0000000800000000)
  region size 2048K, 13 young (26624K), 2 survivors (4096K)
 Metaspace       used 32926K, committed 33344K, reserved 1114112K
  class space    used 3538K, committed 3712K, reserved 1048576K
}

